
--------------------------------------------------
TXLib соболезнует...

Программа: C:\Users\Kids\Desktop\Новая папка (4)\today\bin\Debug\today.exe, файл: c:\codelblocks\codeblocks\mingw\include\txlib.h, строка: 13628, функция: bool {anonymous}::TX::txBitBlt(HDC, double, double, double, double, HDC, double, double, unsigned int),

Сообщение: Параметр "sourceImage" неверен. Возможно, этот холст не создан, или уже уничтожен, или не загрузилась картинка.

#1: TXLib [Ver: 00173a, Rev: 171, Date: 2022-07-23 02:08:28 +0400], Instance: 0x005042FC (32-bit), Flags: CMdRE0, Thread: 0x2D7C (Main), GetLastError(): 13 (Недопустимые данные). 

--------------------------------------------------
Стек вызовов:

# 0 0x004221C3 in C:\Users\Kids\Desktop\Новая папка (4)\today\bin\Debug\today.exe: txBitBlt() at c:/codelblocks/codeblocks/mingw/include/txlib.h (13628)

# 1 0x0042BEDA in C:\Users\Kids\Desktop\Новая папка (4)\today\bin\Debug\today.exe: main() at C:/Users/Kids/Desktop/Новая папка (4)/today/main.cpp (27):

     25:         {
     26: 
=>   27:             txBitBlt (txDC(), 0, 0, 800, 600, login);
     28:             while(!GetAsyncKeyState('Q') and !GetAsyncKeyState('W'))
     29:             {

--------------------------------------------------
Стек вызовов TX:

# 0 in bool {anonymous}::TX::txBitBlt(HDC, double, double, double, double, HDC, double, double, unsigned int) at c:\codelblocks\codeblocks\mingw\include\txlib.h (13628):

  13626:     {
  13627: $1  if (_TX_HDC_FAILED (destImage))   return false;
=>13628: $   if (_TX_HDC_FAILED (sourceImage)) return false;
  13629: 
  13630: $   POINT size = txGetExtent (sourceImage);

# 1 in int main() at C:\Users\Kids\Desktop\Новая папка (4)\today\main.cpp (27):

     25:         {
     26: 
=>   27:             txBitBlt (txDC(), 0, 0, 800, 600, login);
     28:             while(!GetAsyncKeyState('Q') and !GetAsyncKeyState('W'))
     29:             {

--------------------------------------------------
Developed with:

The Dumb Artist Library (TX Library)
TXLib [Ver: 00173a, Rev: 171, Date: 2022-07-23 02:08:28 +0400]
Copyright (C) Ded (Ilya Dedinsky, http://txlib.ru) <mail@txlib.ru>
See license on: http://txlib.ru

TXLib file:	c:\codelblocks\codeblocks\mingw\include\txlib.h
Compiled:	Jan 26 2023 10:33:56, GNU g++ 4.8.1, std=201103L, MinGW Runtime 3.20, 32-bit, DEBUG
Started:	Jan 26 2023 10:34:00

Run file:	C:\Users\Kids\Desktop\Новая папка (4)\today\bin\Debug\today.exe
Directory:	C:\Users\Kids\Desktop\Новая папка (4)\today

--------------------------------------------------

--------------------------------------------------
TXLib соболезнует...

Программа: C:\Users\Kids\Desktop\Новая папка (4)\today\bin\Debug\today.exe, файл: c:\codelblocks\codeblocks\mingw\include\txlib.h, строка: 13628, функция: bool {anonymous}::TX::txBitBlt(HDC, double, double, double, double, HDC, double, double, unsigned int),

Сообщение: Параметр "sourceImage" неверен. Возможно, этот холст не создан, или уже уничтожен, или не загрузилась картинка.

#1: TXLib [Ver: 00173a, Rev: 171, Date: 2022-07-23 02:08:28 +0400], Instance: 0x005042FC (32-bit), Flags: CMdRE0, Thread: 0x2234 (Main), GetLastError(): 13 (Недопустимые данные). 

--------------------------------------------------
Стек вызовов:

# 0 0x004221C3 in C:\Users\Kids\Desktop\Новая папка (4)\today\bin\Debug\today.exe: txBitBlt() at c:/codelblocks/codeblocks/mingw/include/txlib.h (13628)

# 1 0x0042BEDA in C:\Users\Kids\Desktop\Новая папка (4)\today\bin\Debug\today.exe: main() at C:/Users/Kids/Desktop/Новая папка (4)/today/main.cpp (27):

     25:         {
     26: 
=>   27:             txBitBlt (txDC(), 0, 0, 800, 600, login);
     28:             while(!GetAsyncKeyState('Q') and !GetAsyncKeyState('W'))
     29:             {

--------------------------------------------------
Стек вызовов TX:

# 0 in bool {anonymous}::TX::txBitBlt(HDC, double, double, double, double, HDC, double, double, unsigned int) at c:\codelblocks\codeblocks\mingw\include\txlib.h (13628):

  13626:     {
  13627: $1  if (_TX_HDC_FAILED (destImage))   return false;
=>13628: $   if (_TX_HDC_FAILED (sourceImage)) return false;
  13629: 
  13630: $   POINT size = txGetExtent (sourceImage);

# 1 in int main() at C:\Users\Kids\Desktop\Новая папка (4)\today\main.cpp (27):

     25:         {
     26: 
=>   27:             txBitBlt (txDC(), 0, 0, 800, 600, login);
     28:             while(!GetAsyncKeyState('Q') and !GetAsyncKeyState('W'))
     29:             {

--------------------------------------------------
Developed with:

The Dumb Artist Library (TX Library)
TXLib [Ver: 00173a, Rev: 171, Date: 2022-07-23 02:08:28 +0400]
Copyright (C) Ded (Ilya Dedinsky, http://txlib.ru) <mail@txlib.ru>
See license on: http://txlib.ru

TXLib file:	c:\codelblocks\codeblocks\mingw\include\txlib.h
Compiled:	Jan 26 2023 10:33:56, GNU g++ 4.8.1, std=201103L, MinGW Runtime 3.20, 32-bit, DEBUG
Started:	Jan 26 2023 10:35:01

Run file:	C:\Users\Kids\Desktop\Новая папка (4)\today\bin\Debug\today.exe
Directory:	C:\Users\Kids\Desktop\Новая папка (4)\today

--------------------------------------------------
